alteco-ltd.ru DOWN
omoikiri-ltd.ru DOWN
<<<<<<< Updated upstream
huter-gmbh.ru UP
<<<<<<< Updated upstream
ecoflow-russia.com DOWN
stels-rf.ru DOWN
resanta24.ru DOWN
hrobots.ru DOWN
energy-ltd.ru DOWN
irobot-ltd.ru DOWN
=======
huter-gmbh.ru DOWN
ecoflow-russia.com DOWN
stels-rf.ru DOWN
resanta24.ru DOWN
hrobots.ru UP
energy-ltd.ru UP
irobot-ltd.ru UP
>>>>>>> Stashed changes
=======
ecoflow-russia.com UP
stels-rf.ru UP
resanta24.ru UP
hrobots.ru UP
energy-ltd.ru UP
irobot-ltd.ru UP
>>>>>>> Stashed changes
